<?xml version="1.0" encoding="UTF-8"?>
<!-- Generated by org.testng.reporters.JUnitReportReporter -->
<testsuite skipped="0" hostname="DESKTOP-LVM6PIB" name="testcases.SaucedemoLoginTest" tests="2" failures="0" timestamp="2022-03-26T00:36:16 IST" time="8.400" errors="0">
  <testcase name="LoginSuccessTest" time="4.850" classname="testcases.SaucedemoLoginTest"/>
  <system-out/>
  <testcase name="LoginFailureTest" time="3.550" classname="testcases.SaucedemoLoginTest"/>
  <system-out/>
</testsuite> <!-- testcases.SaucedemoLoginTest -->
